# JRE version: OpenJDK Runtime Environment (8.0_242-b01) (build 1.8.0_242-release-1644-b01)
# Java VM: OpenJDK 64-Bit Server VM (25.242-b01 mixed mode windows-amd64 compressed oops)
Heap:
 PSYoungGen      total 65024K, used 27511K [0x00000000d5580000, 0x00000000da600000, 0x0000000100000000)
  eden space 55808K, 36% used [0x00000000d5580000,0x00000000d6956ce8,0x00000000d8c00000)
  from space 9216K, 78% used [0x00000000d9580000,0x00000000d9c86fd8,0x00000000d9e80000)
  to   space 9728K, 0% used [0x00000000d8c00000,0x00000000d8c00000,0x00000000d9580000)
 ParOldGen       total 53248K, used 9533K [0x0000000080000000, 0x0000000083400000, 0x00000000d5580000)
  object space 53248K, 17% used [0x0000000080000000,0x000000008094f570,0x0000000083400000)
 Metaspace       used 33264K, capacity 34468K, committed 34560K, reserved 1079296K
  class space    used 4506K, capacity 4821K, committed 4864K, reserved 1048576K
GC Heap History (10 events):
Event: 4.858 GC heap before
{Heap before GC invocations=7 (full 0):
 PSYoungGen      total 35840K, used 31020K [0x00000000d5580000, 0x00000000d9f80000, 0x0000000100000000)
  eden space 27136K, 86% used [0x00000000d5580000,0x00000000d6c84070,0x00000000d7000000)
  from space 8704K, 85% used [0x00000000d7980000,0x00000000d80c7198,0x00000000d8200000)
  to   space 9728K, 0% used [0x00000000d7000000,0x00000000d7000000,0x00000000d7980000)
 ParOldGen       total 76800K, used 5237K [0x0000000080000000, 0x0000000084b00000, 0x00000000d5580000)
  object space 76800K, 6% used [0x0000000080000000,0x000000008051d540,0x0000000084b00000)
 Metaspace       used 20492K, capacity 21156K, committed 21248K, reserved 1067008K
  class space    used 2853K, capacity 3036K, committed 3072K, reserved 1048576K
Event: 4.867 GC heap after
Heap after GC invocations=7 (full 0):
 PSYoungGen      total 36864K, used 6089K [0x00000000d5580000, 0x00000000d9c80000, 0x0000000100000000)
  eden space 27136K, 0% used [0x00000000d5580000,0x00000000d5580000,0x00000000d7000000)
  from space 9728K, 62% used [0x00000000d7000000,0x00000000d75f2418,0x00000000d7980000)
  to   space 9216K, 0% used [0x00000000d9380000,0x00000000d9380000,0x00000000d9c80000)
 ParOldGen       total 76800K, used 7385K [0x0000000080000000, 0x0000000084b00000, 0x00000000d5580000)
  object space 76800K, 9% used [0x0000000080000000,0x00000000807365a0,0x0000000084b00000)
 Metaspace       used 20492K, capacity 21156K, committed 21248K, reserved 1067008K
  class space    used 2853K, capacity 3036K, committed 3072K, reserved 1048576K
}
Event: 4.867 GC heap before
{Heap before GC invocations=8 (full 1):
 PSYoungGen      total 36864K, used 6089K [0x00000000d5580000, 0x00000000d9c80000, 0x0000000100000000)
  eden space 27136K, 0% used [0x00000000d5580000,0x00000000d5580000,0x00000000d7000000)
  from space 9728K, 62% used [0x00000000d7000000,0x00000000d75f2418,0x00000000d7980000)
  to   space 9216K, 0% used [0x00000000d9380000,0x00000000d9380000,0x00000000d9c80000)
 ParOldGen       total 76800K, used 7385K [0x0000000080000000, 0x0000000084b00000, 0x00000000d5580000)
  object space 76800K, 9% used [0x0000000080000000,0x00000000807365a0,0x0000000084b00000)
 Metaspace       used 20492K, capacity 21156K, committed 21248K, reserved 1067008K
  class space    used 2853K, capacity 3036K, committed 3072K, reserved 1048576K
Event: 4.912 GC heap after
Heap after GC invocations=8 (full 1):
 PSYoungGen      total 36864K, used 0K [0x00000000d5580000, 0x00000000d9c80000, 0x0000000100000000)
  eden space 27136K, 0% used [0x00000000d5580000,0x00000000d5580000,0x00000000d7000000)
  from space 9728K, 0% used [0x00000000d7000000,0x00000000d7000000,0x00000000d7980000)
  to   space 9216K, 0% used [0x00000000d9380000,0x00000000d9380000,0x00000000d9c80000)
 ParOldGen       total 53248K, used 8493K [0x0000000080000000, 0x0000000083400000, 0x00000000d5580000)
  object space 53248K, 15% used [0x0000000080000000,0x000000008084b6c0,0x0000000083400000)
 Metaspace       used 20492K, capacity 21156K, committed 21248K, reserved 1067008K
  class space    used 2853K, capacity 3036K, committed 3072K, reserved 1048576K
}
Event: 5.788 GC heap before
{Heap before GC invocations=9 (full 1):
 PSYoungGen      total 36864K, used 27136K [0x00000000d5580000, 0x00000000d9c80000, 0x0000000100000000)
  eden space 27136K, 100% used [0x00000000d5580000,0x00000000d7000000,0x00000000d7000000)
  from space 9728K, 0% used [0x00000000d7000000,0x00000000d7000000,0x00000000d7980000)
  to   space 9216K, 0% used [0x00000000d9380000,0x00000000d9380000,0x00000000d9c80000)
 ParOldGen       total 53248K, used 8493K [0x0000000080000000, 0x0000000083400000, 0x00000000d5580000)
  object space 53248K, 15% used [0x0000000080000000,0x000000008084b6c0,0x0000000083400000)
 Metaspace       used 21913K, capacity 22860K, committed 23168K, reserved 1069056K
  class space    used 3095K, capacity 3342K, committed 3456K, reserved 1048576K
Event: 5.791 GC heap after
Heap after GC invocations=9 (full 1):
 PSYoungGen      total 44544K, used 2331K [0x00000000d5580000, 0x00000000d9600000, 0x0000000100000000)
  eden space 41984K, 0% used [0x00000000d5580000,0x00000000d5580000,0x00000000d7e80000)
  from space 2560K, 91% used [0x00000000d9380000,0x00000000d95c6f70,0x00000000d9600000)
  to   space 9728K, 0% used [0x00000000d8300000,0x00000000d8300000,0x00000000d8c80000)
 ParOldGen       total 53248K, used 8501K [0x0000000080000000, 0x0000000083400000, 0x00000000d5580000)
  object space 53248K, 15% used [0x0000000080000000,0x000000008084d6c0,0x0000000083400000)
 Metaspace       used 21913K, capacity 22860K, committed 23168K, reserved 1069056K
  class space    used 3095K, capacity 3342K, committed 3456K, reserved 1048576K
}
Event: 6.442 GC heap before
{Heap before GC invocations=10 (full 1):
 PSYoungGen      total 44544K, used 44315K [0x00000000d5580000, 0x00000000d9600000, 0x0000000100000000)
  eden space 41984K, 100% used [0x00000000d5580000,0x00000000d7e80000,0x00000000d7e80000)
  from space 2560K, 91% used [0x00000000d9380000,0x00000000d95c6f70,0x00000000d9600000)
  to   space 9728K, 0% used [0x00000000d8300000,0x00000000d8300000,0x00000000d8c80000)
 ParOldGen       total 53248K, used 8501K [0x0000000080000000, 0x0000000083400000, 0x00000000d5580000)
  object space 53248K, 15% used [0x0000000080000000,0x000000008084d6c0,0x0000000083400000)
 Metaspace       used 25942K, capacity 26962K, committed 27136K, reserved 1073152K
  class space    used 3708K, capacity 3986K, committed 4096K, reserved 1048576K
Event: 6.451 GC heap after
Heap after GC invocations=10 (full 1):
 PSYoungGen      total 56320K, used 5973K [0x00000000d5580000, 0x00000000d9e80000, 0x0000000100000000)
  eden space 46592K, 0% used [0x00000000d5580000,0x00000000d5580000,0x00000000d8300000)
  from space 9728K, 61% used [0x00000000d8300000,0x00000000d88d5698,0x00000000d8c80000)
  to   space 9216K, 0% used [0x00000000d9580000,0x00000000d9580000,0x00000000d9e80000)
 ParOldGen       total 53248K, used 8509K [0x0000000080000000, 0x0000000083400000, 0x00000000d5580000)
  object space 53248K, 15% used [0x0000000080000000,0x000000008084f6c0,0x0000000083400000)
 Metaspace       used 25942K, capacity 26962K, committed 27136K, reserved 1073152K
  class space    used 3708K, capacity 3986K, committed 4096K, reserved 1048576K
}
Event: 7.125 GC heap before
{Heap before GC invocations=11 (full 1):
 PSYoungGen      total 56320K, used 52565K [0x00000000d5580000, 0x00000000d9e80000, 0x0000000100000000)
  eden space 46592K, 100% used [0x00000000d5580000,0x00000000d8300000,0x00000000d8300000)
  from space 9728K, 61% used [0x00000000d8300000,0x00000000d88d5698,0x00000000d8c80000)
  to   space 9216K, 0% used [0x00000000d9580000,0x00000000d9580000,0x00000000d9e80000)
 ParOldGen       total 53248K, used 8509K [0x0000000080000000, 0x0000000083400000, 0x00000000d5580000)
  object space 53248K, 15% used [0x0000000080000000,0x000000008084f6c0,0x0000000083400000)
 Metaspace       used 32244K, capacity 33394K, committed 33664K, reserved 1079296K
  class space    used 4353K, capacity 4622K, committed 4736K, reserved 1048576K
Event: 7.137 GC heap after
Heap after GC invocations=11 (full 1):
 PSYoungGen      total 65024K, used 7195K [0x00000000d5580000, 0x00000000da600000, 0x0000000100000000)
  eden space 55808K, 0% used [0x00000000d5580000,0x00000000d5580000,0x00000000d8c00000)
  from space 9216K, 78% used [0x00000000d9580000,0x00000000d9c86fd8,0x00000000d9e80000)
  to   space 9728K, 0% used [0x00000000d8c00000,0x00000000d8c00000,0x00000000d9580000)
 ParOldGen       total 53248K, used 9533K [0x0000000080000000, 0x0000000083400000, 0x00000000d5580000)
  object space 53248K, 17% used [0x0000000080000000,0x000000008094f570,0x0000000083400000)
 Metaspace       used 32244K, capacity 33394K, committed 33664K, reserved 1079296K
  class space    used 4353K, capacity 4622K, committed 4736K, reserved 1048576K
}

